2024-04-12 13:38:33,577 - INFO - Initialized CityBikeDataImport with base URL: https://s3.amazonaws.com/tripdata/
2024-04-12 13:38:33,577 - INFO - Starting 3.0 Filtering out files that are already downloaded
2024-04-12 13:38:33,581 - INFO - Deleted 201904-citibike-tripdata_2.csv from the processing directory.
2024-04-12 13:38:33,582 - INFO - Deleted 1 records from the ProcessingFile model.
2024-04-12 13:38:33,582 - INFO - Ending 3.0 Filtered out files that are already downloaded
2024-04-12 13:38:33,582 - INFO - Starting 4.0 Extracting and loading data into the database
2024-04-12 13:38:33,583 - DEBUG - Pulling out data from 201704-citibike-tripdata.csv_1.csv
2024-04-12 13:38:33,583 - DEBUG - Opening 201704-citibike-tripdata.csv_1.csv to parse and upload
2024-04-12 13:38:36,217 - DEBUG - Normalizing 2 records from /Users/joeyhoward/Desktop/CityBikeData/Processing/201704-citibike-tripdata.csv_1.csv
2024-04-12 13:38:36,220 - INFO - Created or Updated ProcessedFile record 201704-citibike-tripdata.csv_1.csv (557126574 MB) Last Modified: 2024-02-22 14:26:20+00:00
2024-04-12 13:38:36,224 - DEBUG - Adding 2 records to the Ride model
2024-04-12 13:38:36,227 - DEBUG - Successfully added 2 records to the Ride model
2024-04-12 13:38:36,227 - INFO - Moved 201704-citibike-tripdata.csv_1.csv from processing to processed directory
2024-04-12 13:38:36,227 - DEBUG - Deleting 201704-citibike-tripdata.csv_1.csv from the ProcessingFile model
2024-04-12 13:38:36,228 - DEBUG - Pulling out data from 201604-citibike-tripdata_1.csv
2024-04-12 13:38:36,228 - DEBUG - Opening 201604-citibike-tripdata_1.csv to parse and upload
2024-04-12 13:38:38,841 - DEBUG - Normalizing 2 records from /Users/joeyhoward/Desktop/CityBikeData/Processing/201604-citibike-tripdata_1.csv
2024-04-12 13:38:38,843 - INFO - Created or Updated ProcessedFile record 201604-citibike-tripdata_1.csv (435167562 MB) Last Modified: 2024-02-22 14:26:20+00:00
2024-04-12 13:38:38,847 - DEBUG - Adding 2 records to the Ride model
2024-04-12 13:38:38,848 - DEBUG - Successfully added 2 records to the Ride model
2024-04-12 13:38:38,848 - INFO - Moved 201604-citibike-tripdata_1.csv from processing to processed directory
2024-04-12 13:38:38,848 - DEBUG - Deleting 201604-citibike-tripdata_1.csv from the ProcessingFile model
2024-04-12 13:38:38,849 - DEBUG - Pulling out data from 201404-citibike-tripdata_1.csv
2024-04-12 13:38:38,849 - DEBUG - Opening 201404-citibike-tripdata_1.csv to parse and upload
2024-04-12 13:38:40,598 - DEBUG - Normalizing 2 records from /Users/joeyhoward/Desktop/CityBikeData/Processing/201404-citibike-tripdata_1.csv
2024-04-12 13:38:40,599 - INFO - Created or Updated ProcessedFile record 201404-citibike-tripdata_1.csv (224608955 MB) Last Modified: 2024-02-22 14:26:20+00:00
2024-04-12 13:38:40,603 - DEBUG - Adding 2 records to the Ride model
2024-04-12 13:38:40,603 - DEBUG - Successfully added 2 records to the Ride model
2024-04-12 13:38:40,604 - INFO - Moved 201404-citibike-tripdata_1.csv from processing to processed directory
2024-04-12 13:38:40,604 - DEBUG - Deleting 201404-citibike-tripdata_1.csv from the ProcessingFile model
2024-04-12 13:38:40,604 - DEBUG - Pulling out data from 201309-citibike-tripdata.csv
2024-04-12 13:38:40,604 - DEBUG - Opening 201309-citibike-tripdata.csv to parse and upload
2024-04-12 13:38:43,533 - DEBUG - Normalizing 2 records from /Users/joeyhoward/Desktop/CityBikeData/Processing/201309-citibike-tripdata.csv
2024-04-12 13:38:43,535 - INFO - Created or Updated ProcessedFile record 201309-citibike-tripdata.csv (329797836 MB) Last Modified: 2024-02-22 14:26:20+00:00
2024-04-12 13:38:43,539 - DEBUG - Adding 2 records to the Ride model
2024-04-12 13:38:43,539 - DEBUG - Successfully added 2 records to the Ride model
2024-04-12 13:38:43,540 - INFO - Moved 201309-citibike-tripdata.csv from processing to processed directory
2024-04-12 13:38:43,540 - DEBUG - Deleting 201309-citibike-tripdata.csv from the ProcessingFile model
2024-04-12 13:38:43,540 - INFO - Ending 4.0 Extracting and loading data into the database
2024-04-12 13:38:43,540 - INFO - CityBikeDataImport completed successfully!!!!
